[error] Failed to fetch Firebase Project from Studio Workspace because WORKSPACE_SLUG environment variable is empty
[error] Failed to fetch Firebase Project from Studio Workspace because WORKSPACE_SLUG environment variable is empty
[error] Failed to fetch Firebase Project from Studio Workspace because WORKSPACE_SLUG environment variable is empty
[error] Failed to fetch Firebase Project from Studio Workspace because WORKSPACE_SLUG environment variable is empty
[debug] [2026-02-03T08:49:01.313Z] > command requires scopes: ["email","openid","https://www.googleapis.com/auth/cloudplatformprojects.readonly","https://www.googleapis.com/auth/firebase","https://www.googleapis.com/auth/cloud-platform","https://www.googleapis.com/auth/userinfo.email"]
[debug] [2026-02-03T08:49:01.317Z] > command requires scopes: ["email","openid","https://www.googleapis.com/auth/cloudplatformprojects.readonly","https://www.googleapis.com/auth/firebase","https://www.googleapis.com/auth/cloud-platform","https://www.googleapis.com/auth/userinfo.email"]
[debug] [2026-02-03T08:49:09.013Z] Running auto auth
[debug] [2026-02-03T08:49:09.015Z] Running auto auth
[debug] [2026-02-03T08:49:09.082Z] No OAuth tokens found
[debug] [2026-02-03T08:49:09.099Z] >>> [apiv2][query] GET https://cloudbilling.googleapis.com/v1/projects/productai-8845e/billingInfo [none]
[debug] [2026-02-03T08:49:09.248Z] No OAuth tokens found
[debug] [2026-02-03T08:49:09.249Z] >>> [apiv2][query] GET https://cloudbilling.googleapis.com/v1/projects/productai-8845e/billingInfo [none]
[debug] [2026-02-03T08:49:09.485Z] <<< [apiv2][status] GET https://cloudbilling.googleapis.com/v1/projects/productai-8845e/billingInfo 200
[debug] [2026-02-03T08:49:09.486Z] <<< [apiv2][body] GET https://cloudbilling.googleapis.com/v1/projects/productai-8845e/billingInfo {"name":"projects/productai-8845e/billingInfo","projectId":"productai-8845e","billingAccountName":"","billingEnabled":false}
[debug] [2026-02-03T08:49:09.504Z] No OAuth tokens found
[debug] [2026-02-03T08:49:09.505Z] No OAuth tokens found
[debug] [2026-02-03T08:49:09.505Z] No OAuth tokens found
[debug] [2026-02-03T08:49:09.507Z] No OAuth tokens found
[debug] [2026-02-03T08:49:09.508Z] No OAuth tokens found
[debug] [2026-02-03T08:49:09.508Z] No OAuth tokens found
[debug] [2026-02-03T08:49:09.509Z] No OAuth tokens found
[debug] [2026-02-03T08:49:09.533Z] No OAuth tokens found
[debug] [2026-02-03T08:49:09.534Z] No OAuth tokens found
[debug] [2026-02-03T08:49:09.535Z] >>> [apiv2][query] GET https://serviceusage.googleapis.com/v1/projects/productai-8845e/services/firestore.googleapis.com [none]
[debug] [2026-02-03T08:49:09.535Z] >>> [apiv2][(partial)header] GET https://serviceusage.googleapis.com/v1/projects/productai-8845e/services/firestore.googleapis.com  x-goog-user-project=productai-8845e
[debug] [2026-02-03T08:49:09.538Z] >>> [apiv2][query] GET https://serviceusage.googleapis.com/v1/projects/productai-8845e/services/storage.googleapis.com [none]
[debug] [2026-02-03T08:49:09.538Z] >>> [apiv2][(partial)header] GET https://serviceusage.googleapis.com/v1/projects/productai-8845e/services/storage.googleapis.com  x-goog-user-project=productai-8845e
[debug] [2026-02-03T08:49:09.542Z] >>> [apiv2][query] GET https://serviceusage.googleapis.com/v1/projects/productai-8845e/services/firebasedataconnect.googleapis.com [none]
[debug] [2026-02-03T08:49:09.542Z] >>> [apiv2][(partial)header] GET https://serviceusage.googleapis.com/v1/projects/productai-8845e/services/firebasedataconnect.googleapis.com  x-goog-user-project=productai-8845e
[debug] [2026-02-03T08:49:09.545Z] >>> [apiv2][query] GET https://serviceusage.googleapis.com/v1/projects/productai-8845e/services/identitytoolkit.googleapis.com [none]
[debug] [2026-02-03T08:49:09.545Z] >>> [apiv2][(partial)header] GET https://serviceusage.googleapis.com/v1/projects/productai-8845e/services/identitytoolkit.googleapis.com  x-goog-user-project=productai-8845e
[debug] [2026-02-03T08:49:09.547Z] >>> [apiv2][query] GET https://serviceusage.googleapis.com/v1/projects/productai-8845e/services/fcm.googleapis.com [none]
[debug] [2026-02-03T08:49:09.548Z] >>> [apiv2][(partial)header] GET https://serviceusage.googleapis.com/v1/projects/productai-8845e/services/fcm.googleapis.com  x-goog-user-project=productai-8845e
[debug] [2026-02-03T08:49:09.549Z] >>> [apiv2][query] GET https://serviceusage.googleapis.com/v1/projects/productai-8845e/services/cloudfunctions.googleapis.com [none]
[debug] [2026-02-03T08:49:09.550Z] >>> [apiv2][(partial)header] GET https://serviceusage.googleapis.com/v1/projects/productai-8845e/services/cloudfunctions.googleapis.com  x-goog-user-project=productai-8845e
[debug] [2026-02-03T08:49:09.552Z] >>> [apiv2][query] GET https://serviceusage.googleapis.com/v1/projects/productai-8845e/services/firebaseremoteconfig.googleapis.com [none]
[debug] [2026-02-03T08:49:09.552Z] >>> [apiv2][(partial)header] GET https://serviceusage.googleapis.com/v1/projects/productai-8845e/services/firebaseremoteconfig.googleapis.com  x-goog-user-project=productai-8845e
[debug] [2026-02-03T08:49:09.554Z] >>> [apiv2][query] GET https://serviceusage.googleapis.com/v1/projects/productai-8845e/services/firebaseapphosting.googleapis.com [none]
[debug] [2026-02-03T08:49:09.555Z] >>> [apiv2][(partial)header] GET https://serviceusage.googleapis.com/v1/projects/productai-8845e/services/firebaseapphosting.googleapis.com  x-goog-user-project=productai-8845e
[debug] [2026-02-03T08:49:09.557Z] >>> [apiv2][query] GET https://serviceusage.googleapis.com/v1/projects/productai-8845e/services/firebaseio.com [none]
[debug] [2026-02-03T08:49:09.557Z] >>> [apiv2][(partial)header] GET https://serviceusage.googleapis.com/v1/projects/productai-8845e/services/firebaseio.com  x-goog-user-project=productai-8845e
[debug] [2026-02-03T08:49:10.299Z] <<< [apiv2][status] GET https://cloudbilling.googleapis.com/v1/projects/productai-8845e/billingInfo 200
[debug] [2026-02-03T08:49:10.300Z] <<< [apiv2][body] GET https://cloudbilling.googleapis.com/v1/projects/productai-8845e/billingInfo {"name":"projects/productai-8845e/billingInfo","projectId":"productai-8845e","billingAccountName":"","billingEnabled":false}
[debug] [2026-02-03T08:49:10.301Z] No OAuth tokens found
[debug] [2026-02-03T08:49:10.301Z] No OAuth tokens found
[debug] [2026-02-03T08:49:10.302Z] No OAuth tokens found
[debug] [2026-02-03T08:49:10.302Z] No OAuth tokens found
[debug] [2026-02-03T08:49:10.303Z] No OAuth tokens found
[debug] [2026-02-03T08:49:10.303Z] No OAuth tokens found
[debug] [2026-02-03T08:49:10.303Z] No OAuth tokens found
[debug] [2026-02-03T08:49:10.313Z] No OAuth tokens found
[debug] [2026-02-03T08:49:10.314Z] No OAuth tokens found
[debug] [2026-02-03T08:49:10.315Z] >>> [apiv2][query] GET https://serviceusage.googleapis.com/v1/projects/productai-8845e/services/firestore.googleapis.com [none]
[debug] [2026-02-03T08:49:10.315Z] >>> [apiv2][(partial)header] GET https://serviceusage.googleapis.com/v1/projects/productai-8845e/services/firestore.googleapis.com  x-goog-user-project=productai-8845e
[debug] [2026-02-03T08:49:10.319Z] >>> [apiv2][query] GET https://serviceusage.googleapis.com/v1/projects/productai-8845e/services/storage.googleapis.com [none]
[debug] [2026-02-03T08:49:10.319Z] >>> [apiv2][(partial)header] GET https://serviceusage.googleapis.com/v1/projects/productai-8845e/services/storage.googleapis.com  x-goog-user-project=productai-8845e
[debug] [2026-02-03T08:49:10.322Z] >>> [apiv2][query] GET https://serviceusage.googleapis.com/v1/projects/productai-8845e/services/firebasedataconnect.googleapis.com [none]
[debug] [2026-02-03T08:49:10.323Z] >>> [apiv2][(partial)header] GET https://serviceusage.googleapis.com/v1/projects/productai-8845e/services/firebasedataconnect.googleapis.com  x-goog-user-project=productai-8845e
[debug] [2026-02-03T08:49:10.326Z] >>> [apiv2][query] GET https://serviceusage.googleapis.com/v1/projects/productai-8845e/services/identitytoolkit.googleapis.com [none]
[debug] [2026-02-03T08:49:10.326Z] >>> [apiv2][(partial)header] GET https://serviceusage.googleapis.com/v1/projects/productai-8845e/services/identitytoolkit.googleapis.com  x-goog-user-project=productai-8845e
[debug] [2026-02-03T08:49:10.328Z] >>> [apiv2][query] GET https://serviceusage.googleapis.com/v1/projects/productai-8845e/services/fcm.googleapis.com [none]
[debug] [2026-02-03T08:49:10.328Z] >>> [apiv2][(partial)header] GET https://serviceusage.googleapis.com/v1/projects/productai-8845e/services/fcm.googleapis.com  x-goog-user-project=productai-8845e
[debug] [2026-02-03T08:49:10.330Z] >>> [apiv2][query] GET https://serviceusage.googleapis.com/v1/projects/productai-8845e/services/cloudfunctions.googleapis.com [none]
[debug] [2026-02-03T08:49:10.330Z] >>> [apiv2][(partial)header] GET https://serviceusage.googleapis.com/v1/projects/productai-8845e/services/cloudfunctions.googleapis.com  x-goog-user-project=productai-8845e
[debug] [2026-02-03T08:49:10.332Z] >>> [apiv2][query] GET https://serviceusage.googleapis.com/v1/projects/productai-8845e/services/firebaseremoteconfig.googleapis.com [none]
[debug] [2026-02-03T08:49:10.332Z] >>> [apiv2][(partial)header] GET https://serviceusage.googleapis.com/v1/projects/productai-8845e/services/firebaseremoteconfig.googleapis.com  x-goog-user-project=productai-8845e
[debug] [2026-02-03T08:49:10.334Z] >>> [apiv2][query] GET https://serviceusage.googleapis.com/v1/projects/productai-8845e/services/firebaseapphosting.googleapis.com [none]
[debug] [2026-02-03T08:49:10.334Z] >>> [apiv2][(partial)header] GET https://serviceusage.googleapis.com/v1/projects/productai-8845e/services/firebaseapphosting.googleapis.com  x-goog-user-project=productai-8845e
[debug] [2026-02-03T08:49:10.336Z] >>> [apiv2][query] GET https://serviceusage.googleapis.com/v1/projects/productai-8845e/services/firebaseio.com [none]
[debug] [2026-02-03T08:49:10.336Z] >>> [apiv2][(partial)header] GET https://serviceusage.googleapis.com/v1/projects/productai-8845e/services/firebaseio.com  x-goog-user-project=productai-8845e
[debug] [2026-02-03T08:49:10.577Z] <<< [apiv2][status] GET https://serviceusage.googleapis.com/v1/projects/productai-8845e/services/firebaseio.com 403
[debug] [2026-02-03T08:49:10.577Z] <<< [apiv2][body] GET https://serviceusage.googleapis.com/v1/projects/productai-8845e/services/firebaseio.com [omitted]
[debug] [2026-02-03T08:49:10.595Z] <<< [apiv2][status] GET https://serviceusage.googleapis.com/v1/projects/productai-8845e/services/cloudfunctions.googleapis.com 200
[debug] [2026-02-03T08:49:10.595Z] <<< [apiv2][body] GET https://serviceusage.googleapis.com/v1/projects/productai-8845e/services/cloudfunctions.googleapis.com [omitted]
[debug] [2026-02-03T08:49:10.601Z] <<< [apiv2][status] GET https://serviceusage.googleapis.com/v1/projects/productai-8845e/services/firebasedataconnect.googleapis.com 200
[debug] [2026-02-03T08:49:10.601Z] <<< [apiv2][body] GET https://serviceusage.googleapis.com/v1/projects/productai-8845e/services/firebasedataconnect.googleapis.com [omitted]
[debug] [2026-02-03T08:49:10.608Z] <<< [apiv2][status] GET https://serviceusage.googleapis.com/v1/projects/productai-8845e/services/identitytoolkit.googleapis.com 200
[debug] [2026-02-03T08:49:10.608Z] <<< [apiv2][body] GET https://serviceusage.googleapis.com/v1/projects/productai-8845e/services/identitytoolkit.googleapis.com [omitted]
[debug] [2026-02-03T08:49:10.657Z] <<< [apiv2][status] GET https://serviceusage.googleapis.com/v1/projects/productai-8845e/services/firebaseremoteconfig.googleapis.com 200
[debug] [2026-02-03T08:49:10.659Z] <<< [apiv2][body] GET https://serviceusage.googleapis.com/v1/projects/productai-8845e/services/firebaseremoteconfig.googleapis.com [omitted]
[debug] [2026-02-03T08:49:10.672Z] <<< [apiv2][status] GET https://serviceusage.googleapis.com/v1/projects/productai-8845e/services/fcm.googleapis.com 200
[debug] [2026-02-03T08:49:10.672Z] <<< [apiv2][body] GET https://serviceusage.googleapis.com/v1/projects/productai-8845e/services/fcm.googleapis.com [omitted]
[debug] [2026-02-03T08:49:10.682Z] <<< [apiv2][status] GET https://serviceusage.googleapis.com/v1/projects/productai-8845e/services/firebaseapphosting.googleapis.com 200
[debug] [2026-02-03T08:49:10.682Z] <<< [apiv2][body] GET https://serviceusage.googleapis.com/v1/projects/productai-8845e/services/firebaseapphosting.googleapis.com [omitted]
[debug] [2026-02-03T08:49:10.695Z] <<< [apiv2][status] GET https://serviceusage.googleapis.com/v1/projects/productai-8845e/services/storage.googleapis.com 200
[debug] [2026-02-03T08:49:10.695Z] <<< [apiv2][body] GET https://serviceusage.googleapis.com/v1/projects/productai-8845e/services/storage.googleapis.com [omitted]
[debug] [2026-02-03T08:49:10.709Z] <<< [apiv2][status] GET https://serviceusage.googleapis.com/v1/projects/productai-8845e/services/firestore.googleapis.com 200
[debug] [2026-02-03T08:49:10.709Z] <<< [apiv2][body] GET https://serviceusage.googleapis.com/v1/projects/productai-8845e/services/firestore.googleapis.com [omitted]
[error] Failed to fetch Firebase Project from Studio Workspace because WORKSPACE_SLUG environment variable is empty
[error] Failed to fetch Firebase Project from Studio Workspace because WORKSPACE_SLUG environment variable is empty
[error] Failed to fetch Firebase Project from Studio Workspace because WORKSPACE_SLUG environment variable is empty
[debug] [2026-02-03T08:49:10.719Z] > command requires scopes: ["email","openid","https://www.googleapis.com/auth/cloudplatformprojects.readonly","https://www.googleapis.com/auth/firebase","https://www.googleapis.com/auth/cloud-platform","https://www.googleapis.com/auth/userinfo.email"]
[debug] [2026-02-03T08:49:10.720Z] > authorizing via signed-in user (gigigitg95@gmail.com)
[debug] [2026-02-03T08:49:10.720Z] No OAuth tokens found
[debug] [2026-02-03T08:49:10.720Z] >>> [apiv2][query] GET https://cloudbilling.googleapis.com/v1/projects/productai-8845e/billingInfo [none]
[debug] [2026-02-03T08:49:10.920Z] <<< [apiv2][status] GET https://cloudbilling.googleapis.com/v1/projects/productai-8845e/billingInfo 200
[debug] [2026-02-03T08:49:10.921Z] <<< [apiv2][body] GET https://cloudbilling.googleapis.com/v1/projects/productai-8845e/billingInfo {"name":"projects/productai-8845e/billingInfo","projectId":"productai-8845e","billingAccountName":"","billingEnabled":false}
[error] Failed to fetch Firebase Project from Studio Workspace because WORKSPACE_SLUG environment variable is empty
[debug] [2026-02-03T08:49:10.924Z] > command requires scopes: ["email","openid","https://www.googleapis.com/auth/cloudplatformprojects.readonly","https://www.googleapis.com/auth/firebase","https://www.googleapis.com/auth/cloud-platform","https://www.googleapis.com/auth/userinfo.email"]
[debug] [2026-02-03T08:49:10.924Z] > authorizing via signed-in user (gigigitg95@gmail.com)
[error] Failed to fetch Firebase Project from Studio Workspace because WORKSPACE_SLUG environment variable is empty
[error] Failed to fetch Firebase Project from Studio Workspace because WORKSPACE_SLUG environment variable is empty
[error] Failed to fetch Firebase Project from Studio Workspace because WORKSPACE_SLUG environment variable is empty
[error] Failed to fetch Firebase Project from Studio Workspace because WORKSPACE_SLUG environment variable is empty
[error] Failed to fetch Firebase Project from Studio Workspace because WORKSPACE_SLUG environment variable is empty
[error] Failed to fetch Firebase Project from Studio Workspace because WORKSPACE_SLUG environment variable is empty
[debug] [2026-02-03T08:49:10.947Z] > command requires scopes: ["email","openid","https://www.googleapis.com/auth/cloudplatformprojects.readonly","https://www.googleapis.com/auth/firebase","https://www.googleapis.com/auth/cloud-platform","https://www.googleapis.com/auth/userinfo.email"]
[debug] [2026-02-03T08:49:10.947Z] > authorizing via signed-in user (gigigitg95@gmail.com)
[debug] [2026-02-03T08:49:10.947Z] > command requires scopes: ["email","openid","https://www.googleapis.com/auth/cloudplatformprojects.readonly","https://www.googleapis.com/auth/firebase","https://www.googleapis.com/auth/cloud-platform","https://www.googleapis.com/auth/userinfo.email"]
[debug] [2026-02-03T08:49:10.947Z] > authorizing via signed-in user (gigigitg95@gmail.com)
[debug] [2026-02-03T08:49:10.948Z] No OAuth tokens found
[debug] [2026-02-03T08:49:10.948Z] No OAuth tokens found
[debug] [2026-02-03T08:49:10.948Z] >>> [apiv2][query] GET https://cloudbilling.googleapis.com/v1/projects/productai-8845e/billingInfo [none]
[debug] [2026-02-03T08:49:10.949Z] >>> [apiv2][query] GET https://cloudbilling.googleapis.com/v1/projects/productai-8845e/billingInfo [none]
[debug] [2026-02-03T08:49:11.146Z] <<< [apiv2][status] GET https://cloudbilling.googleapis.com/v1/projects/productai-8845e/billingInfo 200
[debug] [2026-02-03T08:49:11.147Z] <<< [apiv2][body] GET https://cloudbilling.googleapis.com/v1/projects/productai-8845e/billingInfo {"name":"projects/productai-8845e/billingInfo","projectId":"productai-8845e","billingAccountName":"","billingEnabled":false}
[error] Failed to fetch Firebase Project from Studio Workspace because WORKSPACE_SLUG environment variable is empty
[debug] [2026-02-03T08:49:11.149Z] > command requires scopes: ["email","openid","https://www.googleapis.com/auth/cloudplatformprojects.readonly","https://www.googleapis.com/auth/firebase","https://www.googleapis.com/auth/cloud-platform","https://www.googleapis.com/auth/userinfo.email"]
[debug] [2026-02-03T08:49:11.150Z] > authorizing via signed-in user (gigigitg95@gmail.com)
[debug] [2026-02-03T08:49:11.171Z] <<< [apiv2][status] GET https://cloudbilling.googleapis.com/v1/projects/productai-8845e/billingInfo 200
[debug] [2026-02-03T08:49:11.173Z] <<< [apiv2][body] GET https://cloudbilling.googleapis.com/v1/projects/productai-8845e/billingInfo {"name":"projects/productai-8845e/billingInfo","projectId":"productai-8845e","billingAccountName":"","billingEnabled":false}
[error] Failed to fetch Firebase Project from Studio Workspace because WORKSPACE_SLUG environment variable is empty
[debug] [2026-02-03T08:49:11.176Z] > command requires scopes: ["email","openid","https://www.googleapis.com/auth/cloudplatformprojects.readonly","https://www.googleapis.com/auth/firebase","https://www.googleapis.com/auth/cloud-platform","https://www.googleapis.com/auth/userinfo.email"]
[debug] [2026-02-03T08:49:11.176Z] > authorizing via signed-in user (gigigitg95@gmail.com)
[debug] [2026-02-03T08:49:11.343Z] <<< [apiv2][status] GET https://serviceusage.googleapis.com/v1/projects/productai-8845e/services/firebaseio.com 403
[debug] [2026-02-03T08:49:11.343Z] <<< [apiv2][body] GET https://serviceusage.googleapis.com/v1/projects/productai-8845e/services/firebaseio.com [omitted]
[debug] [2026-02-03T08:49:11.369Z] <<< [apiv2][status] GET https://serviceusage.googleapis.com/v1/projects/productai-8845e/services/firebaseapphosting.googleapis.com 200
[debug] [2026-02-03T08:49:11.369Z] <<< [apiv2][body] GET https://serviceusage.googleapis.com/v1/projects/productai-8845e/services/firebaseapphosting.googleapis.com [omitted]
[debug] [2026-02-03T08:49:11.372Z] <<< [apiv2][status] GET https://serviceusage.googleapis.com/v1/projects/productai-8845e/services/firebaseremoteconfig.googleapis.com 200
[debug] [2026-02-03T08:49:11.372Z] <<< [apiv2][body] GET https://serviceusage.googleapis.com/v1/projects/productai-8845e/services/firebaseremoteconfig.googleapis.com [omitted]
[debug] [2026-02-03T08:49:11.392Z] <<< [apiv2][status] GET https://serviceusage.googleapis.com/v1/projects/productai-8845e/services/fcm.googleapis.com 200
[debug] [2026-02-03T08:49:11.392Z] <<< [apiv2][body] GET https://serviceusage.googleapis.com/v1/projects/productai-8845e/services/fcm.googleapis.com [omitted]
[debug] [2026-02-03T08:49:11.401Z] <<< [apiv2][status] GET https://serviceusage.googleapis.com/v1/projects/productai-8845e/services/firebasedataconnect.googleapis.com 200
[debug] [2026-02-03T08:49:11.401Z] <<< [apiv2][body] GET https://serviceusage.googleapis.com/v1/projects/productai-8845e/services/firebasedataconnect.googleapis.com [omitted]
[debug] [2026-02-03T08:49:11.411Z] <<< [apiv2][status] GET https://serviceusage.googleapis.com/v1/projects/productai-8845e/services/firestore.googleapis.com 200
[debug] [2026-02-03T08:49:11.412Z] <<< [apiv2][body] GET https://serviceusage.googleapis.com/v1/projects/productai-8845e/services/firestore.googleapis.com [omitted]
[debug] [2026-02-03T08:49:11.416Z] <<< [apiv2][status] GET https://serviceusage.googleapis.com/v1/projects/productai-8845e/services/identitytoolkit.googleapis.com 200
[debug] [2026-02-03T08:49:11.416Z] <<< [apiv2][body] GET https://serviceusage.googleapis.com/v1/projects/productai-8845e/services/identitytoolkit.googleapis.com [omitted]
[debug] [2026-02-03T08:49:11.424Z] <<< [apiv2][status] GET https://serviceusage.googleapis.com/v1/projects/productai-8845e/services/cloudfunctions.googleapis.com 200
[debug] [2026-02-03T08:49:11.424Z] <<< [apiv2][body] GET https://serviceusage.googleapis.com/v1/projects/productai-8845e/services/cloudfunctions.googleapis.com [omitted]
[debug] [2026-02-03T08:49:11.427Z] <<< [apiv2][status] GET https://serviceusage.googleapis.com/v1/projects/productai-8845e/services/storage.googleapis.com 200
[debug] [2026-02-03T08:49:11.428Z] <<< [apiv2][body] GET https://serviceusage.googleapis.com/v1/projects/productai-8845e/services/storage.googleapis.com [omitted]
